                  Welcome to Q-Chem
     A Quantum Leap Into The Future Of Chemistry


 Q-Chem 5.3 (devel), Q-Chem, Inc., Pleasanton, CA (2020)

 Yihan Shao,  Zhengting Gan,  E. Epifanovsky,  A. T. B. Gilbert,  M. Wormit,  
 J. Kussmann,  A. W. Lange,  A. Behn,  Jia Deng,  Xintian Feng,  D. Ghosh,  
 M. Goldey,  P. R. Horn,  L. D. Jacobson,  I. Kaliman,  T. Kus,  A. Landau,  
 Jie Liu,  E. I. Proynov,  R. M. Richard,  R. P. Steele,  E. J. Sundstrom,  
 H. L. Woodcock III,  P. M. Zimmerman,  D. Zuev,  B. Alam,  B. Albrecht,  
 E. Alguire,  S. A. Baeppler,  D. Barton,  Z. Benda,  Y. A. Bernard,  
 E. J. Berquist,  K. B. Bravaya,  H. Burton,  K. Carter-Fenk,  D. Casanova,  
 Chun-Min Chang,  Yunqing Chen,  A. Chien,  K. D. Closser,  M. P. Coons,  
 S. Coriani,  S. Dasgupta,  A. L. Dempwolff,  M. Diedenhofen,  Hainam Do,  
 R. G. Edgar,  Po-Tung Fang,  S. Faraji,  S. Fatehi,  Qingguo Feng,  
 J. Fosso-Tande,  J. Gayvert,  Qinghui Ge,  A. Ghysels,  G. Gidofalvi,  
 J. Gomes,  J. Gonthier,  A. Gunina,  D. Hait,  M. W. D. Hanson-Heine,  
 P. H. P. Harbach,  A. W. Hauser,  M. F. Herbst,  J. E. Herr,  
 E. G. Hohenstein,  Z. C. Holden,  Kerwin Hui,  B. C. Huynh,  T.-C. Jagau,  
 Hyunjun Ji,  B. Kaduk,  K. Khistyaev,  Jaehoon Kim,  P. Klunzinger,  K. Koh,  
 D. Kosenkov,  L. Koulias,  T. Kowalczyk,  C. M. Krauter,  A. Kunitsa,  
 Ka Un Lao,  A. Laurent,  K. V. Lawler,  Joonho Lee,  D. Lefrancois,  
 S. Lehtola,  D. S. Levine,  Yi-Pei Li,  You-Sheng Lin,  Fenglai Liu,  
 Kuan-Yu Liu,  E. Livshits,  M. Loipersberger,  A. Luenser,  P. Manohar,  
 E. Mansoor,  S. F. Manzer,  Shan-Ping Mao,  Yuezhi Mao,  N. Mardirossian,  
 A. V. Marenich,  T. Markovich,  L. A. Martinez-Martinez,  S. A. Maurer,  
 N. J. Mayhall,  S. C. McKenzie,  J.-M. Mewes,  P. Morgante,  A. F. Morrison,  
 J. W. Mullinax,  K. Nanda,  T. S. Nguyen-Beck,  R. Olivares-Amaya,  
 K. J. Oosterbaan,  J. A. Parkhill,  S. K. Paul,  F. Pavosevic,  Zheng Pei,  
 T. M. Perrine,  F. Plasser,  P. Pokhilko,  S. Prager,  A. Prociuk,  
 E. Ramos,  B. Rana,  D. R. Rehn,  F. Rob,  M. Scheurer,  M. Schneider,  
 N. Sergueev,  S. M. Sharada,  S. Sharma,  D. W. Small,  T. Stauch,  
 C. J. Stein,  T. Stein,  Yu-Chuan Su,  S. P. Veccham,  Zhen Tao,  
 A. J. W. Thom,  A. Tkatchenko,  T. Tsuchimochi,  N. M. Tubman,  L. Vogt,  
 M. L. Vidal,  O. Vydrov,  M. A. Watson,  J. Wenzel,  M. de Wergifosse,  
 T. A. Wesolowski,  A. White,  J. Witte,  A. Yamada,  Jun Yang,  K. Yao,  
 S. Yeganeh,  S. R. Yost,  Zhi-Qiang You,  A. Zech,  Igor Ying Zhang,  
 Xing Zhang,  Yan Zhao,  Ying Zhu,  B. R. Brooks,  G. K. L. Chan,  
 C. J. Cramer,  M. S. Gordon,  W. J. Hehre,  A. Klamt,  M. W. Schmidt,  
 C. D. Sherrill,  D. G. Truhlar,  A. Aspuru-Guzik,  R. Baer,  A. T. Bell,  
 N. A. Besley,  Jeng-Da Chai,  A. E. DePrince, III,  R. A. DiStasio Jr.,  
 A. Dreuw,  B. D. Dunietz,  T. R. Furlani,  Chao-Ping Hsu,  Yousung Jung,  
 Jing Kong,  D. S. Lambrecht,  WanZhen Liang,  C. Ochsenfeld,  
 V. A. Rassolov,  L. V. Slipchenko,  J. E. Subotnik,  T. Van Voorhis,  
 J. M. Herbert,  A. I. Krylov,  P. M. W. Gill,  M. Head-Gordon

 Contributors to earlier versions of Q-Chem not listed above: 
 R. D. Adamson,  B. Austin,  J. Baker,  G. J. O. Beran,  K. Brandhorst,  
 S. T. Brown,  E. F. C. Byrd,  A. K. Chakraborty,  C.-L. Cheng,  
 Siu Hung Chien,  D. M. Chipman,  D. L. Crittenden,  H. Dachsel,  
 R. J. Doerksen,  A. D. Dutoi,  L. Fusti-Molnar,  W. A. Goddard III,  
 A. Golubeva-Zadorozhnaya,  S. R. Gwaltney,  G. Hawkins,  A. Heyden,  
 S. Hirata,  G. Kedziora,  F. J. Keil,  C. Kelley,  Jihan Kim,  R. A. King,  
 R. Z. Khaliullin,  P. P. Korambath,  W. Kurlancheek,  A. M. Lee,  M. S. Lee,  
 S. V. Levchenko,  Ching Yeh Lin,  D. Liotard,  R. C. Lochan,  I. Lotan,  
 P. E. Maslen,  N. Nair,  D. P. O'Neill,  D. Neuhauser,  E. Neuscamman,  
 C. M. Oana,  R. Olson,  B. Peters,  R. Peverati,  P. A. Pieniazek,  
 Y. M. Rhee,  J. Ritchie,  M. A. Rohrdanz,  E. Rosta,  N. J. Russ,  
 H. F. Schaefer III,  N. E. Schultz,  N. Shenvi,  A. C. Simmonett,  A. Sodt,  
 D. Stuck,  K. S. Thanthiriwatte,  V. Vanovschi,  Tao Wang,  A. Warshel,  
 C. F. Williams,  Q. Wu,  X. Xu,  W. Zhang

 Please cite Q-Chem as follows:
 Y. Shao et al., Mol. Phys. 113, 184-215 (2015)
 DOI: 10.1080/00268976.2014.952696

 Q-Chem 5.3.0 for Intel X86 EM64T Linux

 Parts of Q-Chem use Armadillo 9.800.1 (Horizon Scraper).
 http://arma.sourceforge.net/

 Q-Chem begins on Tue Jul  7 02:08:31 2020  

Host: centos77-c4
0

     Scratch files written to /tmp/26963.centos77-h1/qchem108411//
Processing $rem in /opt/qchem-5.3.0-intel2020u1//config/preferences:
Processing $rem in /home/shihchengli/.qchemrc:

Checking the input file for inconsistencies... 	...done.

--------------------------------------------------------------
User input:
--------------------------------------------------------------
$rem
   JOBTYPE  sp
   EXCHANGE   omegaB97X-D
   BASIS   6-311+G(2df,2pd)
   UNRESTRICTED   False
   max_scf_cycles   250
   geom_opt_max_cycles   1500
   basis2 6-31G*
   scf_algorithm rca_diis
   SYM_IGNORE  TRUE
   print_input   true
   geom_opt_dmax   80
   pop_mulliken false
   XC_GRID 000075000302
$end

$molecule
0 1
C       1.2687965363     0.0000000016     0.2737418959
C       0.0000002019     -0.0000000091     -0.5498998015
H       1.3058807525     -0.8872028142     0.9243705099
H       1.3058807898     0.8872027782     0.9243704166
H       2.1402826878     -0.0000000208     -0.3248477773
C       -1.2687960095     0.0000001465     0.2737416465
H       0.0000002320     -1.0466187426     -1.3521628902
H       0.0000002258     1.0466190815     -1.3521631978
H       -1.3058805648     -0.8872052747     0.9243722251
H       -2.1402844271     0.0000007968     -0.3248495411
H       -1.3058804853     0.8872047227     0.9243715331
$end
--------------------------------------------------------------
 ----------------------------------------------------------------
             Standard Nuclear Orientation (Angstroms)
    I     Atom           X                Y                Z
 ----------------------------------------------------------------
    1      C       1.2687965363     0.0000000016     0.2737418959
    2      C       0.0000002019    -0.0000000091    -0.5498998015
    3      H       1.3058807525    -0.8872028142     0.9243705099
    4      H       1.3058807898     0.8872027782     0.9243704166
    5      H       2.1402826878    -0.0000000208    -0.3248477773
    6      C      -1.2687960095     0.0000001465     0.2737416465
    7      H       0.0000002320    -1.0466187426    -1.3521628902
    8      H       0.0000002258     1.0466190815    -1.3521631978
    9      H      -1.3058805648    -0.8872052747     0.9243722251
   10      H      -2.1402844271     0.0000007968    -0.3248495411
   11      H      -1.3058804853     0.8872047227     0.9243715331
 ----------------------------------------------------------------
 Nuclear Repulsion Energy =          81.49945970 hartrees
 There are       13 alpha and       13 beta electrons
 Requested basis set is 6-311+G(2df,2pd)
 There are 72 shells and 214 basis functions

 Total QAlloc Memory Limit   2000 MB
 Mega-Array Size       188 MB
 MEM_STATIC part       192 MB

                       Distance Matrix (Angstroms)
             C (  1)   C (  2)   H (  3)   H (  4)   H (  5)   C (  6)
   C (  2)  1.512690
   H (  3)  1.100828  2.160075
   H (  4)  1.100828  2.160075  1.774406
   H (  5)  1.057260  2.152082  1.744678  1.744678
   C (  6)  2.537593  1.512689  2.799894  2.799894  3.461232
   H (  7)  2.312752  1.318725  2.629323  3.259999  2.594532  2.312752
   H (  8)  2.312752  1.318726  3.260000  2.629324  2.594532  2.312752
   H (  9)  2.799896  2.160078  2.611761  3.157502  3.771435  1.100831
   H ( 10)  3.461235  2.152084  3.771437  3.771436  4.280567  1.057262
   H ( 11)  2.799895  2.160077  3.157502  2.611761  3.771435  1.100830
             H (  7)   H (  8)   H (  9)   H ( 10)
   H (  8)  2.093238
   H (  9)  2.629325  3.260002
   H ( 10)  2.594533  2.594533  1.744683
   H ( 11)  3.260001  2.629325  1.774410  1.744682
 
 A cutoff of  1.0D-09 yielded   2520 shell pairs
 There are     22454 function pairs (     27611 Cartesian)
 Smallest overlap matrix eigenvalue = 8.67E-05

 Scale SEOQF with 1.000000e-01/1.000000e-01/1.000000e-01

 Standard Electronic Orientation quadrupole field applied
 Nucleus-field energy     =     0.0000000006 hartrees
 Requested basis set is 6-31G(d)
 There are 28 shells and 58 basis functions
 A cutoff of  1.0D-09 yielded    402 shell pairs
 There are      1773 function pairs (      1968 Cartesian)
 Smallest overlap matrix eigenvalue = 7.16E-03
 Guess from superposition of atomic densities
 Warning:  Energy on first SCF cycle will be non-variational
 SAD guess density has 26.000000 electrons
 Long-range K will be added via erf
 Coulomb attenuation parameter = 0.2 bohr**(-1)
 A restricted hybrid HF-DFT SCF calculation will be
 performed using Relaxed Constraint Minimization + Pulay DIIS
 Exchange:     0.2220 Hartree-Fock + 1.0000 wB97X-D + LR-HF
 Correlation:  1.0000 wB97X-D
 Using Euler-Maclaurin-Lebedev (75,302) quadrature formula
 Dispersion:   Grimme D
 SCF converges when DIIS error is below 1.0E-04
 using 3 threads for integral computing
 -------------------------------------------------------
 OpenMP Integral computing Module                
 Release: version 1.0, May 2013, Q-Chem Inc. Pittsburgh 
 -------------------------------------------------------
 using 3 threads for integral computing
 -------------------------------------------------------
 OpenMP Integral computing Module                
 Release: version 1.0, May 2013, Q-Chem Inc. Pittsburgh 
 -------------------------------------------------------
 ---------------------------------------
  Cycle       Energy         DIIS Error
 ---------------------------------------
    1    -119.4189333873      9.56E-02
    2    -119.0274034856      8.74E-03
    3    -119.0471794722      2.38E-03
    4    -119.0604127347      1.68E-03
    5    -119.0610989453      2.19E-04 Done RCA. Switching to DIIS
    6    -119.0616580411      1.78E-04
    7    -119.0616723164      5.00E-06 Convergence criterion met
 ---------------------------------------
 SCF time:  CPU 21.34 s  wall 7.98 s
 SCF   energy in the small basis set = -119.06167232
 Total energy in the small basis set = -119.06167232
 ----------------------------------------------------
  Cycle       Energy    
 ----------------------------------------------------
    1     -16.4281483280     -1.64E+01
 Long-range K will be added via erf
 Coulomb attenuation parameter = 0.2 bohr**(-1)
 A restricted hybrid HF-DFT SCF calculation will be
 performed using Relaxed Constraint Minimization + Pulay DIIS
 Exchange:     0.2220 Hartree-Fock + 1.0000 wB97X-D + LR-HF
 Correlation:  1.0000 wB97X-D
 Using Euler-Maclaurin-Lebedev (75,302) quadrature formula
 Dispersion:   Grimme D
 SCF converges when DIIS error is below 1.0E-05
 Basis2 calculation detected. Using small basis as guess for larger.
 SCFMinFind is unable to tell whether the solution found is close.
 Resetting ReadMinima to 0 and attempting to follow guess.
 SCFMinFind following SCF Guess.
 using 3 threads for integral computing
 -------------------------------------------------------
 OpenMP Integral computing Module                
 Release: version 1.0, May 2013, Q-Chem Inc. Pittsburgh 
 -------------------------------------------------------
 using 3 threads for integral computing
 -------------------------------------------------------
 OpenMP Integral computing Module                
 Release: version 1.0, May 2013, Q-Chem Inc. Pittsburgh 
 -------------------------------------------------------
 ---------------------------------------
  Cycle       Energy         DIIS Error
 ---------------------------------------
    1    -119.0803895420      4.20E-03
    2    -119.1022402164      5.49E-04 Done RCA. Switching to DIIS
    3    -119.1029253038      3.98E-04
    4    -119.1038104121      5.48E-05
    5    -119.1038298140      2.05E-05
    6    -119.1038322466      4.10E-06 Convergence criterion met
 ---------------------------------------
 SCF time:  CPU 48.11 s  wall 16.06 s
 SCF   energy in the final basis set = -119.10383225
 Total energy in the final basis set = -119.10383225
 
 --------------------------------------------------------------
 
                    Orbital Energies (a.u.)
 --------------------------------------------------------------
 
 Alpha MOs
 -- Occupied --
-10.3181 -10.2683 -10.2683  -0.8789  -0.7851  -0.6524  -0.5327  -0.5312
 -0.4870  -0.4656  -0.4321  -0.4064  -0.3810
 -- Virtual --
  0.0687   0.0844   0.0865   0.0938   0.1234   0.1287   0.1326   0.1374
  0.1423   0.1687   0.1698   0.1910   0.2037   0.2205   0.2363   0.2390
  0.2762   0.2896   0.3051   0.3142   0.3254   0.3511   0.4506   0.4694
  0.4777   0.5079   0.5109   0.5143   0.5449   0.5509   0.5526   0.5774
  0.6190   0.6246   0.6278   0.6422   0.6436   0.6509   0.6645   0.7052
  0.7236   0.7536   0.8016   0.8501   0.8592   0.8620   0.9143   0.9380
  0.9989   1.0147   1.0544   1.1290   1.1509   1.1544   1.1689   1.1802
  1.1956   1.2024   1.2192   1.2434   1.2663   1.2871   1.3343   1.3714
  1.3801   1.4015   1.4035   1.4055   1.4373   1.4445   1.4620   1.4667
  1.4669   1.5289   1.5888   1.6208   1.6237   1.6314   1.6814   1.6905
  1.7048   2.3542   2.4243   2.4438   2.5258   2.5575   2.5959   2.6457
  2.6473   2.7211   2.7621   2.8302   2.8338   2.8344   2.8709   2.8777
  2.8987   2.9315   2.9364   2.9737   2.9978   3.0543   3.0847   3.0917
  3.1246   3.1400   3.1558   3.1793   3.2038   3.2066   3.2260   3.2281
  3.2375   3.3093   3.3230   3.3249   3.3504   3.3520   3.3591   3.3635
  3.4601   3.4637   3.4803   3.5110   3.5503   3.5527   3.5952   3.6023
  3.6298   3.6434   3.6442   3.6947   3.7340   3.7666   3.7997   3.8335
  3.8522   3.8772   3.9116   3.9139   3.9376   3.9586   3.9723   4.0070
  4.0151   4.0156   4.0740   4.0850   4.1145   4.1165   4.1340   4.1645
  4.2085   4.2164   4.2207   4.2423   4.3138   4.3254   4.3478   4.3662
  4.4111   4.4296   4.4386   4.5121   4.5284   4.5997   4.6049   4.7640
  4.7991   4.8449   4.8454   4.9031   4.9347   4.9811   4.9872   5.0097
  5.0180   5.1233   5.2173   5.2371   5.2579   5.2607   5.2887   5.2958
  5.3750   5.3951   5.4044   5.4155   5.4425   5.4493   5.4689   5.7422
  5.7627   5.8101   6.3549   6.3589   6.4340   6.4443  24.4789  25.4515
 25.4771
 --------------------------------------------------------------
 
 -----------------------------------------------------------------
                    Cartesian Multipole Moments
 -----------------------------------------------------------------
    Charge (ESU x 10^10)
                -0.0000
    Dipole Moment (Debye)
         X       0.0000      Y       0.0000      Z       0.2711
       Tot       0.2711
    Quadrupole Moments (Debye-Ang)
        XX     -21.8613     XY      -0.0000     YY     -21.7455
        XZ       0.0000     YZ       0.0000     ZZ     -22.6053
    Octopole Moments (Debye-Ang^2)
       XXX       0.0000    XXY       0.0000    XYY       0.0000
       YYY      -0.0000    XXZ      -1.1184    XYZ       0.0000
       YYZ       0.7322    XZZ       0.0000    YZZ      -0.0000
       ZZZ       0.9932
    Hexadecapole Moments (Debye-Ang^3)
      XXXX    -196.4122   XXXY      -0.0000   XXYY     -42.6194
      XYYY       0.0000   YYYY     -50.5255   XXXZ       0.0000
      XXYZ       0.0000   XYYZ      -0.0000   YYYZ       0.0000
      XXZZ     -46.2335   XYZZ       0.0000   YYZZ     -18.8213
      XZZZ       0.0000   YZZZ       0.0000   ZZZZ     -80.6751
 -----------------------------------------------------------------
Archival summary:
1\1\centos77-c4\SP\ProcedureUnspecified\BasisUnspecified\38\shihchen\TueJul702:08:582020TueJul702:08:582020\0\\#,ProcedureUnspecified,BasisUnspecified,\\0,1\C\H,1,1.31873\H,1,1.31873,2,105.058\C,1,1.51269,2,109.344,3,117.258,0\H,4,1.05726,1,112.527,2,-57.2615,0\H,4,1.10083,1,110.491,2,-177.902,0\H,4,1.10083,1,110.491,2,63.379,0\C,1,1.51269,2,109.344,3,-117.258,0\H,8,1.05726,1,112.527,2,57.2614,0\H,8,1.10083,1,110.491,2,177.902,0\H,8,1.10083,1,110.491,2,-63.379,0\\\@

 Total job time:  26.95s(wall), 73.12s(cpu) 
 Tue Jul  7 02:08:58 2020

        *************************************************************
        *                                                           *
        *  Thank you very much for using Q-Chem.  Have a nice day.  *
        *                                                           *
        *************************************************************


