                  Welcome to Q-Chem
     A Quantum Leap Into The Future Of Chemistry


 Q-Chem 5.3 (devel), Q-Chem, Inc., Pleasanton, CA (2020)

 Yihan Shao,  Zhengting Gan,  E. Epifanovsky,  A. T. B. Gilbert,  M. Wormit,  
 J. Kussmann,  A. W. Lange,  A. Behn,  Jia Deng,  Xintian Feng,  D. Ghosh,  
 M. Goldey,  P. R. Horn,  L. D. Jacobson,  I. Kaliman,  T. Kus,  A. Landau,  
 Jie Liu,  E. I. Proynov,  R. M. Richard,  R. P. Steele,  E. J. Sundstrom,  
 H. L. Woodcock III,  P. M. Zimmerman,  D. Zuev,  B. Alam,  B. Albrecht,  
 E. Alguire,  S. A. Baeppler,  D. Barton,  Z. Benda,  Y. A. Bernard,  
 E. J. Berquist,  K. B. Bravaya,  H. Burton,  K. Carter-Fenk,  D. Casanova,  
 Chun-Min Chang,  Yunqing Chen,  A. Chien,  K. D. Closser,  M. P. Coons,  
 S. Coriani,  S. Dasgupta,  A. L. Dempwolff,  M. Diedenhofen,  Hainam Do,  
 R. G. Edgar,  Po-Tung Fang,  S. Faraji,  S. Fatehi,  Qingguo Feng,  
 J. Fosso-Tande,  J. Gayvert,  Qinghui Ge,  A. Ghysels,  G. Gidofalvi,  
 J. Gomes,  J. Gonthier,  A. Gunina,  D. Hait,  M. W. D. Hanson-Heine,  
 P. H. P. Harbach,  A. W. Hauser,  M. F. Herbst,  J. E. Herr,  
 E. G. Hohenstein,  Z. C. Holden,  Kerwin Hui,  B. C. Huynh,  T.-C. Jagau,  
 Hyunjun Ji,  B. Kaduk,  K. Khistyaev,  Jaehoon Kim,  P. Klunzinger,  K. Koh,  
 D. Kosenkov,  L. Koulias,  T. Kowalczyk,  C. M. Krauter,  A. Kunitsa,  
 Ka Un Lao,  A. Laurent,  K. V. Lawler,  Joonho Lee,  D. Lefrancois,  
 S. Lehtola,  D. S. Levine,  Yi-Pei Li,  You-Sheng Lin,  Fenglai Liu,  
 Kuan-Yu Liu,  E. Livshits,  M. Loipersberger,  A. Luenser,  P. Manohar,  
 E. Mansoor,  S. F. Manzer,  Shan-Ping Mao,  Yuezhi Mao,  N. Mardirossian,  
 A. V. Marenich,  T. Markovich,  L. A. Martinez-Martinez,  S. A. Maurer,  
 N. J. Mayhall,  S. C. McKenzie,  J.-M. Mewes,  P. Morgante,  A. F. Morrison,  
 J. W. Mullinax,  K. Nanda,  T. S. Nguyen-Beck,  R. Olivares-Amaya,  
 K. J. Oosterbaan,  J. A. Parkhill,  S. K. Paul,  F. Pavosevic,  Zheng Pei,  
 T. M. Perrine,  F. Plasser,  P. Pokhilko,  S. Prager,  A. Prociuk,  
 E. Ramos,  B. Rana,  D. R. Rehn,  F. Rob,  M. Scheurer,  M. Schneider,  
 N. Sergueev,  S. M. Sharada,  S. Sharma,  D. W. Small,  T. Stauch,  
 C. J. Stein,  T. Stein,  Yu-Chuan Su,  S. P. Veccham,  Zhen Tao,  
 A. J. W. Thom,  A. Tkatchenko,  T. Tsuchimochi,  N. M. Tubman,  L. Vogt,  
 M. L. Vidal,  O. Vydrov,  M. A. Watson,  J. Wenzel,  M. de Wergifosse,  
 T. A. Wesolowski,  A. White,  J. Witte,  A. Yamada,  Jun Yang,  K. Yao,  
 S. Yeganeh,  S. R. Yost,  Zhi-Qiang You,  A. Zech,  Igor Ying Zhang,  
 Xing Zhang,  Yan Zhao,  Ying Zhu,  B. R. Brooks,  G. K. L. Chan,  
 C. J. Cramer,  M. S. Gordon,  W. J. Hehre,  A. Klamt,  M. W. Schmidt,  
 C. D. Sherrill,  D. G. Truhlar,  A. Aspuru-Guzik,  R. Baer,  A. T. Bell,  
 N. A. Besley,  Jeng-Da Chai,  A. E. DePrince, III,  R. A. DiStasio Jr.,  
 A. Dreuw,  B. D. Dunietz,  T. R. Furlani,  Chao-Ping Hsu,  Yousung Jung,  
 Jing Kong,  D. S. Lambrecht,  WanZhen Liang,  C. Ochsenfeld,  
 V. A. Rassolov,  L. V. Slipchenko,  J. E. Subotnik,  T. Van Voorhis,  
 J. M. Herbert,  A. I. Krylov,  P. M. W. Gill,  M. Head-Gordon

 Contributors to earlier versions of Q-Chem not listed above: 
 R. D. Adamson,  B. Austin,  J. Baker,  G. J. O. Beran,  K. Brandhorst,  
 S. T. Brown,  E. F. C. Byrd,  A. K. Chakraborty,  C.-L. Cheng,  
 Siu Hung Chien,  D. M. Chipman,  D. L. Crittenden,  H. Dachsel,  
 R. J. Doerksen,  A. D. Dutoi,  L. Fusti-Molnar,  W. A. Goddard III,  
 A. Golubeva-Zadorozhnaya,  S. R. Gwaltney,  G. Hawkins,  A. Heyden,  
 S. Hirata,  G. Kedziora,  F. J. Keil,  C. Kelley,  Jihan Kim,  R. A. King,  
 R. Z. Khaliullin,  P. P. Korambath,  W. Kurlancheek,  A. M. Lee,  M. S. Lee,  
 S. V. Levchenko,  Ching Yeh Lin,  D. Liotard,  R. C. Lochan,  I. Lotan,  
 P. E. Maslen,  N. Nair,  D. P. O'Neill,  D. Neuhauser,  E. Neuscamman,  
 C. M. Oana,  R. Olson,  B. Peters,  R. Peverati,  P. A. Pieniazek,  
 Y. M. Rhee,  J. Ritchie,  M. A. Rohrdanz,  E. Rosta,  N. J. Russ,  
 H. F. Schaefer III,  N. E. Schultz,  N. Shenvi,  A. C. Simmonett,  A. Sodt,  
 D. Stuck,  K. S. Thanthiriwatte,  V. Vanovschi,  Tao Wang,  A. Warshel,  
 C. F. Williams,  Q. Wu,  X. Xu,  W. Zhang

 Please cite Q-Chem as follows:
 Y. Shao et al., Mol. Phys. 113, 184-215 (2015)
 DOI: 10.1080/00268976.2014.952696

 Q-Chem 5.3.0 for Intel X86 EM64T Linux

 Parts of Q-Chem use Armadillo 9.800.1 (Horizon Scraper).
 http://arma.sourceforge.net/

 Q-Chem begins on Tue Jul  7 00:37:03 2020  

Host: centos77-c4
0

     Scratch files written to /tmp/26963.centos77-h1/qchem89485//
Processing $rem in /opt/qchem-5.3.0-intel2020u1//config/preferences:
Processing $rem in /home/shihchengli/.qchemrc:

Checking the input file for inconsistencies... 	...done.

--------------------------------------------------------------
User input:
--------------------------------------------------------------
$rem
   JOBTYPE  sp
   EXCHANGE   omegaB97X-D
   BASIS   6-311+G(2df,2pd)
   UNRESTRICTED   False
   max_scf_cycles   250
   geom_opt_max_cycles   1500
   basis2 6-31G*
   scf_algorithm rca_diis
   SYM_IGNORE  TRUE
   print_input   true
   geom_opt_dmax   80
   pop_mulliken false
   XC_GRID 000075000302
$end

$molecule
0 1
C       1.2665378053     -0.0786322713     0.2388584348
C       -0.0000001980     0.2727626996     -0.5325836323
H       0.9826297076     -0.6194004720     1.1452975717
H       1.8417770234     0.7962742382     0.5443511690
H       1.9234222537     -0.7271127745     -0.3417431063
C       -1.2665372666     -0.0786362656     0.2388584190
H       0.0000007036     -0.3312944399     -1.4426885954
H       -0.0000020109     1.3162935239     -0.8572075800
H       -0.9826315349     -0.6194224404     1.1452873299
H       -1.9234288108     -0.7271012197     -0.3417526443
H       -1.8417677331     0.7962700879     0.5443676528
$end
--------------------------------------------------------------
 ----------------------------------------------------------------
             Standard Nuclear Orientation (Angstroms)
    I     Atom           X                Y                Z
 ----------------------------------------------------------------
    1      C       1.2665378053    -0.0786322713     0.2388584348
    2      C      -0.0000001980     0.2727626996    -0.5325836323
    3      H       0.9826297076    -0.6194004720     1.1452975717
    4      H       1.8417770234     0.7962742382     0.5443511690
    5      H       1.9234222537    -0.7271127745    -0.3417431063
    6      C      -1.2665372666    -0.0786362656     0.2388584190
    7      H       0.0000007036    -0.3312944399    -1.4426885954
    8      H      -0.0000020109     1.3162935239    -0.8572075800
    9      H      -0.9826315349    -0.6194224404     1.1452873299
   10      H      -1.9234288108    -0.7271012197    -0.3417526443
   11      H      -1.8417677331     0.7962700879     0.5443676528
 ----------------------------------------------------------------
 Nuclear Repulsion Energy =          82.85119774 hartrees
 There are       13 alpha and       13 beta electrons
 Requested basis set is 6-311+G(2df,2pd)
 There are 72 shells and 214 basis functions

 Total QAlloc Memory Limit   2000 MB
 Mega-Array Size       188 MB
 MEM_STATIC part       192 MB

                       Distance Matrix (Angstroms)
             C (  1)   C (  2)   H (  3)   H (  4)   H (  5)   C (  6)
   C (  2)  1.524047
   H (  3)  1.093008  2.139346
   H (  4)  1.090728  2.196815  1.761649
   H (  5)  1.090469  2.176172  1.762947  1.764238
   C (  6)  2.533075  1.524047  2.484514  3.243518  3.306579
   H (  7)  2.120272  1.092326  2.783206  2.934600  2.251289  2.120272
   H (  8)  2.179748  1.092857  2.953388  2.372117  2.853204  2.179748
   H (  9)  2.484518  2.139348  1.965261  3.215992  3.266191  1.093008
   H ( 10)  3.306586  2.176171  3.266205  4.157238  3.846851  1.090469
   H ( 11)  3.243509  2.196814  3.215970  3.683545  4.157228  1.090728
             H (  7)   H (  8)   H (  9)   H ( 10)
   H (  8)  1.748523
   H (  9)  2.783200  2.953395
   H ( 10)  2.251289  2.853196  1.762947
   H ( 11)  2.934605  2.372117  1.761648  1.764239
 
 A cutoff of  1.0D-09 yielded   2531 shell pairs
 There are     22523 function pairs (     27727 Cartesian)
 Smallest overlap matrix eigenvalue = 8.14E-05

 Scale SEOQF with 1.000000e-01/1.000000e-01/1.000000e-01

 Standard Electronic Orientation quadrupole field applied
 Nucleus-field energy     =     0.0000000007 hartrees
 Requested basis set is 6-31G(d)
 There are 28 shells and 58 basis functions
 A cutoff of  1.0D-09 yielded    399 shell pairs
 There are      1770 function pairs (      1965 Cartesian)
 Smallest overlap matrix eigenvalue = 6.13E-03
 Guess from superposition of atomic densities
 Warning:  Energy on first SCF cycle will be non-variational
 SAD guess density has 26.000000 electrons
 Long-range K will be added via erf
 Coulomb attenuation parameter = 0.2 bohr**(-1)
 A restricted hybrid HF-DFT SCF calculation will be
 performed using Relaxed Constraint Minimization + Pulay DIIS
 Exchange:     0.2220 Hartree-Fock + 1.0000 wB97X-D + LR-HF
 Correlation:  1.0000 wB97X-D
 Using Euler-Maclaurin-Lebedev (75,302) quadrature formula
 Dispersion:   Grimme D
 SCF converges when DIIS error is below 1.0E-04
 using 3 threads for integral computing
 -------------------------------------------------------
 OpenMP Integral computing Module                
 Release: version 1.0, May 2013, Q-Chem Inc. Pittsburgh 
 -------------------------------------------------------
 using 3 threads for integral computing
 -------------------------------------------------------
 OpenMP Integral computing Module                
 Release: version 1.0, May 2013, Q-Chem Inc. Pittsburgh 
 -------------------------------------------------------
 ---------------------------------------
  Cycle       Energy         DIIS Error
 ---------------------------------------
    1    -119.6360625164      1.01E-01
    2    -119.0538461626      9.07E-03
    3    -119.0751370069      2.45E-03
    4    -119.0891968513      1.69E-03
    5    -119.0898930891      2.63E-04 Done RCA. Switching to DIIS
    6    -119.0904053906      1.96E-04
    7    -119.0904220237      4.14E-06 Convergence criterion met
 ---------------------------------------
 SCF time:  CPU 20.91 s  wall 7.79 s
 SCF   energy in the small basis set = -119.09042202
 Total energy in the small basis set = -119.09042202
 ----------------------------------------------------
  Cycle       Energy    
 ----------------------------------------------------
    1     -16.5481918019     -1.65E+01
 Long-range K will be added via erf
 Coulomb attenuation parameter = 0.2 bohr**(-1)
 A restricted hybrid HF-DFT SCF calculation will be
 performed using Relaxed Constraint Minimization + Pulay DIIS
 Exchange:     0.2220 Hartree-Fock + 1.0000 wB97X-D + LR-HF
 Correlation:  1.0000 wB97X-D
 Using Euler-Maclaurin-Lebedev (75,302) quadrature formula
 Dispersion:   Grimme D
 SCF converges when DIIS error is below 1.0E-05
 Basis2 calculation detected. Using small basis as guess for larger.
 SCFMinFind is unable to tell whether the solution found is close.
 Resetting ReadMinima to 0 and attempting to follow guess.
 SCFMinFind following SCF Guess.
 using 3 threads for integral computing
 -------------------------------------------------------
 OpenMP Integral computing Module                
 Release: version 1.0, May 2013, Q-Chem Inc. Pittsburgh 
 -------------------------------------------------------
 using 3 threads for integral computing
 -------------------------------------------------------
 OpenMP Integral computing Module                
 Release: version 1.0, May 2013, Q-Chem Inc. Pittsburgh 
 -------------------------------------------------------
 ---------------------------------------
  Cycle       Energy         DIIS Error
 ---------------------------------------
    1    -119.1101187634      4.21E-03
    2    -119.1321108037      6.02E-04 Done RCA. Switching to DIIS
    3    -119.1329418613      4.25E-04
    4    -119.1339319307      4.53E-05
    5    -119.1339467284      1.03E-05
    6    -119.1339474433      4.05E-06 Convergence criterion met
 ---------------------------------------
 SCF time:  CPU 50.69 s  wall 17.11 s
 SCF   energy in the final basis set = -119.13394744
 Total energy in the final basis set = -119.13394744
 
 --------------------------------------------------------------
 
                    Orbital Energies (a.u.)
 --------------------------------------------------------------
 
 Alpha MOs
 -- Occupied --
-10.2716 -10.2634 -10.2634  -0.8819  -0.7756  -0.6785  -0.5442  -0.5314
 -0.4739  -0.4674  -0.4203  -0.4158  -0.3985
 -- Virtual --
  0.0726   0.0881   0.0918   0.1042   0.1211   0.1303   0.1309   0.1320
  0.1450   0.1615   0.1761   0.1879   0.1984   0.2365   0.2760   0.2788
  0.2886   0.3029   0.3219   0.3261   0.3410   0.3729   0.4550   0.4759
  0.4971   0.5074   0.5100   0.5165   0.5290   0.5356   0.5392   0.5782
  0.6110   0.6286   0.6334   0.6395   0.6502   0.6538   0.6837   0.7103
  0.7442   0.7483   0.8696   0.8840   0.9270   0.9309   0.9737   0.9887
  0.9987   1.0123   1.0333   1.0706   1.1476   1.1672   1.2078   1.2087
  1.2382   1.2474   1.2650   1.2723   1.3095   1.3288   1.3556   1.3708
  1.3711   1.3807   1.4427   1.4429   1.4471   1.4765   1.4904   1.5048
  1.5354   1.5449   1.5800   1.5831   1.6380   1.6548   1.6768   1.6875
  1.6992   2.2428   2.3387   2.4244   2.4934   2.5406   2.6223   2.6692
  2.7050   2.7386   2.7951   2.8122   2.8263   2.8349   2.9309   2.9311
  2.9638   2.9922   2.9953   3.0181   3.0417   3.0507   3.1088   3.1460
  3.1571   3.1670   3.1671   3.1894   3.1994   3.2334   3.2697   3.2953
  3.3042   3.3154   3.3421   3.3467   3.3652   3.3814   3.3975   3.4087
  3.4683   3.5251   3.5363   3.5421   3.5781   3.5846   3.6206   3.6220
  3.6241   3.6804   3.7007   3.7096   3.7404   3.7607   3.7853   3.8311
  3.8663   3.9126   3.9335   3.9374   3.9731   4.0365   4.0563   4.0857
  4.0866   4.1285   4.1423   4.1488   4.1675   4.2095   4.2239   4.2250
  4.2410   4.2945   4.3142   4.3202   4.3354   4.4110   4.4530   4.4572
  4.4916   4.5164   4.5557   4.6344   4.7418   4.7761   4.8241   4.8597
  4.9303   4.9582   4.9797   4.9994   5.0263   5.0561   5.1013   5.1054
  5.1588   5.1613   5.2014   5.2210   5.2776   5.2879   5.2993   5.3742
  5.3870   5.4063   5.4340   5.4632   5.5383   5.5801   5.6107   5.7467
  5.9860   6.3221   6.3807   6.4036   6.4254   6.5132  25.0673  25.4493
 25.4499
 --------------------------------------------------------------
 
 -----------------------------------------------------------------
                    Cartesian Multipole Moments
 -----------------------------------------------------------------
    Charge (ESU x 10^10)
                -0.0000
    Dipole Moment (Debye)
         X      -0.0000      Y       0.0131      Z      -0.0901
       Tot       0.0910
    Quadrupole Moments (Debye-Ang)
        XX     -22.3169     XY      -0.0000     YY     -21.2921
        XZ      -0.0000     YZ       0.2576     ZZ     -21.8467
    Octopole Moments (Debye-Ang^2)
       XXX       0.0000    XXY      -0.1244    XYY       0.0000
       YYY      -0.0945    XXZ      -1.0377    XYZ      -0.0000
       YYZ      -0.4339    XZZ      -0.0000    YZZ      -1.4419
       ZZZ      -0.2677
    Hexadecapole Moments (Debye-Ang^3)
      XXXX    -205.3750   XXXY      -0.0001   XXYY     -39.8484
      XYYY      -0.0001   YYYY     -48.0964   XXXZ       0.0000
      XXYZ       4.1638   XYYZ      -0.0000   YYYZ       4.7599
      XXZZ     -45.5692   XYZZ      -0.0000   YYZZ     -18.3402
      XZZZ      -0.0000   YZZZ       4.6468   ZZZZ     -66.5240
 -----------------------------------------------------------------
Archival summary:
1\1\centos77-c4\SP\ProcedureUnspecified\BasisUnspecified\38\shihchen\TueJul700:37:312020TueJul700:37:312020\0\\#,ProcedureUnspecified,BasisUnspecified,\\0,1\C\H,1,1.09233\H,1,1.09286,2,106.293\C,1,1.52405,2,107.112,3,-119.596,0\H,4,1.09047,1,111.605,2,7.58352,0\H,4,1.09073,1,113.273,2,129.688,0\H,4,1.09301,1,108.541,2,-110.937,0\C,1,1.52405,2,107.112,3,119.596,0\H,8,1.09047,1,111.605,2,-7.58476,0\H,8,1.09073,1,113.273,2,-129.69,0\H,8,1.09301,1,108.542,2,110.936,0\\\@

 Total job time:  27.82s(wall), 75.18s(cpu) 
 Tue Jul  7 00:37:31 2020

        *************************************************************
        *                                                           *
        *  Thank you very much for using Q-Chem.  Have a nice day.  *
        *                                                           *
        *************************************************************


