                  Welcome to Q-Chem
     A Quantum Leap Into The Future Of Chemistry


 Q-Chem 5.3 (devel), Q-Chem, Inc., Pleasanton, CA (2020)

 Yihan Shao,  Zhengting Gan,  E. Epifanovsky,  A. T. B. Gilbert,  M. Wormit,  
 J. Kussmann,  A. W. Lange,  A. Behn,  Jia Deng,  Xintian Feng,  D. Ghosh,  
 M. Goldey,  P. R. Horn,  L. D. Jacobson,  I. Kaliman,  T. Kus,  A. Landau,  
 Jie Liu,  E. I. Proynov,  R. M. Richard,  R. P. Steele,  E. J. Sundstrom,  
 H. L. Woodcock III,  P. M. Zimmerman,  D. Zuev,  B. Alam,  B. Albrecht,  
 E. Alguire,  S. A. Baeppler,  D. Barton,  Z. Benda,  Y. A. Bernard,  
 E. J. Berquist,  K. B. Bravaya,  H. Burton,  K. Carter-Fenk,  D. Casanova,  
 Chun-Min Chang,  Yunqing Chen,  A. Chien,  K. D. Closser,  M. P. Coons,  
 S. Coriani,  S. Dasgupta,  A. L. Dempwolff,  M. Diedenhofen,  Hainam Do,  
 R. G. Edgar,  Po-Tung Fang,  S. Faraji,  S. Fatehi,  Qingguo Feng,  
 J. Fosso-Tande,  J. Gayvert,  Qinghui Ge,  A. Ghysels,  G. Gidofalvi,  
 J. Gomes,  J. Gonthier,  A. Gunina,  D. Hait,  M. W. D. Hanson-Heine,  
 P. H. P. Harbach,  A. W. Hauser,  M. F. Herbst,  J. E. Herr,  
 E. G. Hohenstein,  Z. C. Holden,  Kerwin Hui,  B. C. Huynh,  T.-C. Jagau,  
 Hyunjun Ji,  B. Kaduk,  K. Khistyaev,  Jaehoon Kim,  P. Klunzinger,  K. Koh,  
 D. Kosenkov,  L. Koulias,  T. Kowalczyk,  C. M. Krauter,  A. Kunitsa,  
 Ka Un Lao,  A. Laurent,  K. V. Lawler,  Joonho Lee,  D. Lefrancois,  
 S. Lehtola,  D. S. Levine,  Yi-Pei Li,  You-Sheng Lin,  Fenglai Liu,  
 Kuan-Yu Liu,  E. Livshits,  M. Loipersberger,  A. Luenser,  P. Manohar,  
 E. Mansoor,  S. F. Manzer,  Shan-Ping Mao,  Yuezhi Mao,  N. Mardirossian,  
 A. V. Marenich,  T. Markovich,  L. A. Martinez-Martinez,  S. A. Maurer,  
 N. J. Mayhall,  S. C. McKenzie,  J.-M. Mewes,  P. Morgante,  A. F. Morrison,  
 J. W. Mullinax,  K. Nanda,  T. S. Nguyen-Beck,  R. Olivares-Amaya,  
 K. J. Oosterbaan,  J. A. Parkhill,  S. K. Paul,  F. Pavosevic,  Zheng Pei,  
 T. M. Perrine,  F. Plasser,  P. Pokhilko,  S. Prager,  A. Prociuk,  
 E. Ramos,  B. Rana,  D. R. Rehn,  F. Rob,  M. Scheurer,  M. Schneider,  
 N. Sergueev,  S. M. Sharada,  S. Sharma,  D. W. Small,  T. Stauch,  
 C. J. Stein,  T. Stein,  Yu-Chuan Su,  S. P. Veccham,  Zhen Tao,  
 A. J. W. Thom,  A. Tkatchenko,  T. Tsuchimochi,  N. M. Tubman,  L. Vogt,  
 M. L. Vidal,  O. Vydrov,  M. A. Watson,  J. Wenzel,  M. de Wergifosse,  
 T. A. Wesolowski,  A. White,  J. Witte,  A. Yamada,  Jun Yang,  K. Yao,  
 S. Yeganeh,  S. R. Yost,  Zhi-Qiang You,  A. Zech,  Igor Ying Zhang,  
 Xing Zhang,  Yan Zhao,  Ying Zhu,  B. R. Brooks,  G. K. L. Chan,  
 C. J. Cramer,  M. S. Gordon,  W. J. Hehre,  A. Klamt,  M. W. Schmidt,  
 C. D. Sherrill,  D. G. Truhlar,  A. Aspuru-Guzik,  R. Baer,  A. T. Bell,  
 N. A. Besley,  Jeng-Da Chai,  A. E. DePrince, III,  R. A. DiStasio Jr.,  
 A. Dreuw,  B. D. Dunietz,  T. R. Furlani,  Chao-Ping Hsu,  Yousung Jung,  
 Jing Kong,  D. S. Lambrecht,  WanZhen Liang,  C. Ochsenfeld,  
 V. A. Rassolov,  L. V. Slipchenko,  J. E. Subotnik,  T. Van Voorhis,  
 J. M. Herbert,  A. I. Krylov,  P. M. W. Gill,  M. Head-Gordon

 Contributors to earlier versions of Q-Chem not listed above: 
 R. D. Adamson,  B. Austin,  J. Baker,  G. J. O. Beran,  K. Brandhorst,  
 S. T. Brown,  E. F. C. Byrd,  A. K. Chakraborty,  C.-L. Cheng,  
 Siu Hung Chien,  D. M. Chipman,  D. L. Crittenden,  H. Dachsel,  
 R. J. Doerksen,  A. D. Dutoi,  L. Fusti-Molnar,  W. A. Goddard III,  
 A. Golubeva-Zadorozhnaya,  S. R. Gwaltney,  G. Hawkins,  A. Heyden,  
 S. Hirata,  G. Kedziora,  F. J. Keil,  C. Kelley,  Jihan Kim,  R. A. King,  
 R. Z. Khaliullin,  P. P. Korambath,  W. Kurlancheek,  A. M. Lee,  M. S. Lee,  
 S. V. Levchenko,  Ching Yeh Lin,  D. Liotard,  R. C. Lochan,  I. Lotan,  
 P. E. Maslen,  N. Nair,  D. P. O'Neill,  D. Neuhauser,  E. Neuscamman,  
 C. M. Oana,  R. Olson,  B. Peters,  R. Peverati,  P. A. Pieniazek,  
 Y. M. Rhee,  J. Ritchie,  M. A. Rohrdanz,  E. Rosta,  N. J. Russ,  
 H. F. Schaefer III,  N. E. Schultz,  N. Shenvi,  A. C. Simmonett,  A. Sodt,  
 D. Stuck,  K. S. Thanthiriwatte,  V. Vanovschi,  Tao Wang,  A. Warshel,  
 C. F. Williams,  Q. Wu,  X. Xu,  W. Zhang

 Please cite Q-Chem as follows:
 Y. Shao et al., Mol. Phys. 113, 184-215 (2015)
 DOI: 10.1080/00268976.2014.952696

 Q-Chem 5.3.0 for Intel X86 EM64T Linux

 Parts of Q-Chem use Armadillo 9.800.1 (Horizon Scraper).
 http://arma.sourceforge.net/

 Q-Chem begins on Thu Jul  2 03:25:48 2020  

Host: centos77-c1
0

     Scratch files written to /tmp/26650.centos77-h1/qchem67980//
Processing $rem in /opt/qchem-5.3.0-intel2020u1//config/preferences:
Processing $rem in /home/shihchengli/.qchemrc:

Checking the input file for inconsistencies... 	...done.

--------------------------------------------------------------
User input:
--------------------------------------------------------------
$rem
   JOBTYPE  sp
   EXCHANGE   omegaB97X-D
   BASIS   6-311+G(2df,2pd)
   max_scf_cycles   250
   geom_opt_max_cycles   1500
   basis2 6-31G*
   scf_algorithm rca_diis
   SYM_IGNORE  TRUE
   print_input   true
   geom_opt_dmax   80
   pop_mulliken false
   XC_GRID 000075000302
$end

$molecule
0 1
C       1.0956844129     0.6365197424     0.2604155567
C       0.0000039582     -0.0000146632     -0.5863618375
H       1.5286694785     1.5296561099     -0.2038572923
H       1.8991169744     -0.0841932368     0.3972812816
H       0.7297634446     0.9111337976     1.2502698874
C       -1.0956869523     -0.6365101982     0.2604309354
H       0.3295644135     -0.8107866550     -1.2404235105
H       -0.3295469746     0.8107265154     -1.2404653815
H       -1.8990689275     0.0842511378     0.3973461702
H       -0.7297556143     -0.9111769315     1.2502667368
H       -1.5287442739     -1.5296049524     -0.2038575276
$end
--------------------------------------------------------------
 ----------------------------------------------------------------
             Standard Nuclear Orientation (Angstroms)
    I     Atom           X                Y                Z
 ----------------------------------------------------------------
    1      C       1.0956844129     0.6365197424     0.2604155567
    2      C       0.0000039582    -0.0000146632    -0.5863618375
    3      H       1.5286694785     1.5296561099    -0.2038572923
    4      H       1.8991169744    -0.0841932368     0.3972812816
    5      H       0.7297634446     0.9111337976     1.2502698874
    6      C      -1.0956869523    -0.6365101982     0.2604309354
    7      H       0.3295644135    -0.8107866550    -1.2404235105
    8      H      -0.3295469746     0.8107265154    -1.2404653815
    9      H      -1.8990689275     0.0842511378     0.3973461702
   10      H      -0.7297556143    -0.9111769315     1.2502667368
   11      H      -1.5287442739    -1.5296049524    -0.2038575276
 ----------------------------------------------------------------
 Nuclear Repulsion Energy =          82.77840110 hartrees
 There are       13 alpha and       13 beta electrons
 Requested basis set is 6-311+G(2df,2pd)
 There are 72 shells and 214 basis functions

 Total QAlloc Memory Limit   2000 MB
 Mega-Array Size       188 MB
 MEM_STATIC part       192 MB

                       Distance Matrix (Angstroms)
             C (  1)   C (  2)   H (  3)   H (  4)   H (  5)   C (  6)
   C (  2)  1.524048
   H (  3)  1.095773  2.196138
   H (  4)  1.087963  2.140390  1.761564
   H (  5)  1.090469  2.176225  1.770680  1.756603
   C (  6)  2.534307  1.524048  3.434398  3.048382  2.589836
   H (  7)  2.221295  1.092592  2.826658  2.381913  3.054296  2.077084
   H (  8)  2.077084  1.092592  2.245971  2.906895  2.708502  2.221296
   H (  9)  3.048327  2.140388  3.768293  3.801919  2.884783  1.087964
   H ( 10)  2.589865  2.176228  3.629411  2.884867  2.334740  1.090469
   H ( 11)  3.434424  2.196139  4.325142  3.768397  3.629401  1.095774
             H (  7)   H (  8)   H (  9)   H ( 10)
   H (  8)  1.750352
   H (  9)  2.906921  2.381930
   H ( 10)  2.708464  3.054319  1.756600
   H ( 11)  2.245992  2.826620  1.761567  1.770682
 
 A cutoff of  1.0D-09 yielded   2533 shell pairs
 There are     22491 function pairs (     27651 Cartesian)
 Smallest overlap matrix eigenvalue = 8.54E-05

 Scale SEOQF with 1.000000e-01/1.000000e-01/1.000000e-01

 Standard Electronic Orientation quadrupole field applied
 Nucleus-field energy     =     0.0000000009 hartrees
 Requested basis set is 6-31G(d)
 There are 28 shells and 58 basis functions
 A cutoff of  1.0D-09 yielded    402 shell pairs
 There are      1773 function pairs (      1968 Cartesian)
 Smallest overlap matrix eigenvalue = 6.48E-03
 Guess from superposition of atomic densities
 Warning:  Energy on first SCF cycle will be non-variational
 SAD guess density has 26.000000 electrons
 Long-range K will be added via erf
 Coulomb attenuation parameter = 0.2 bohr**(-1)
 A restricted hybrid HF-DFT SCF calculation will be
 performed using Relaxed Constraint Minimization + Pulay DIIS
 Exchange:     0.2220 Hartree-Fock + 1.0000 wB97X-D + LR-HF
 Correlation:  1.0000 wB97X-D
 Using Euler-Maclaurin-Lebedev (75,302) quadrature formula
 Dispersion:   Grimme D
 SCF converges when DIIS error is below 1.0E-04
 using 3 threads for integral computing
 -------------------------------------------------------
 OpenMP Integral computing Module                
 Release: version 1.0, May 2013, Q-Chem Inc. Pittsburgh 
 -------------------------------------------------------
 using 3 threads for integral computing
 -------------------------------------------------------
 OpenMP Integral computing Module                
 Release: version 1.0, May 2013, Q-Chem Inc. Pittsburgh 
 -------------------------------------------------------
 ---------------------------------------
  Cycle       Energy         DIIS Error
 ---------------------------------------
    1    -119.6273487933      1.00E-01
    2    -119.0554984294      9.05E-03
    3    -119.0767162494      2.45E-03
    4    -119.0907277885      1.69E-03
    5    -119.0914254986      2.64E-04 Done RCA. Switching to DIIS
    6    -119.0919388244      1.96E-04
    7    -119.0919555215      4.47E-06 Convergence criterion met
 ---------------------------------------
 SCF time:  CPU 18.57 s  wall 6.51 s
 SCF   energy in the small basis set = -119.09195552
 Total energy in the small basis set = -119.09195552
 ----------------------------------------------------
  Cycle       Energy    
 ----------------------------------------------------
    1     -16.5440898176     -1.65E+01
 Long-range K will be added via erf
 Coulomb attenuation parameter = 0.2 bohr**(-1)
 A restricted hybrid HF-DFT SCF calculation will be
 performed using Relaxed Constraint Minimization + Pulay DIIS
 Exchange:     0.2220 Hartree-Fock + 1.0000 wB97X-D + LR-HF
 Correlation:  1.0000 wB97X-D
 Using Euler-Maclaurin-Lebedev (75,302) quadrature formula
 Dispersion:   Grimme D
 SCF converges when DIIS error is below 1.0E-05
 Basis2 calculation detected. Using small basis as guess for larger.
 SCFMinFind is unable to tell whether the solution found is close.
 Resetting ReadMinima to 0 and attempting to follow guess.
 SCFMinFind following SCF Guess.
 using 3 threads for integral computing
 -------------------------------------------------------
 OpenMP Integral computing Module                
 Release: version 1.0, May 2013, Q-Chem Inc. Pittsburgh 
 -------------------------------------------------------
 using 3 threads for integral computing
 -------------------------------------------------------
 OpenMP Integral computing Module                
 Release: version 1.0, May 2013, Q-Chem Inc. Pittsburgh 
 -------------------------------------------------------
 ---------------------------------------
  Cycle       Energy         DIIS Error
 ---------------------------------------
    1    -119.1114147991      4.21E-03
    2    -119.1334396162      6.04E-04 Done RCA. Switching to DIIS
    3    -119.1342784099      4.26E-04
    4    -119.1352750121      4.55E-05
    5    -119.1352898686      1.03E-05
    6    -119.1352905890      4.01E-06 Convergence criterion met
 ---------------------------------------
 SCF time:  CPU 48.10 s  wall 16.05 s
 SCF   energy in the final basis set = -119.13529059
 Total energy in the final basis set = -119.13529059
 
 --------------------------------------------------------------
 
                    Orbital Energies (a.u.)
 --------------------------------------------------------------
 
 Alpha MOs
 -- Occupied --
-10.2721 -10.2646 -10.2646  -0.8816  -0.7771  -0.6776  -0.5453  -0.5266
 -0.4805  -0.4687  -0.4213  -0.4187  -0.3925
 -- Virtual --
  0.0703   0.0871   0.0912   0.1013   0.1222   0.1316   0.1316   0.1366
  0.1447   0.1659   0.1739   0.1901   0.2135   0.2471   0.2499   0.2527
  0.2949   0.3135   0.3201   0.3224   0.3296   0.3459   0.4639   0.4794
  0.4813   0.4890   0.5160   0.5200   0.5290   0.5426   0.5854   0.5901
  0.6164   0.6181   0.6319   0.6378   0.6412   0.6530   0.6995   0.7116
  0.7284   0.7624   0.8036   0.8826   0.8958   0.9386   0.9536   0.9924
  1.0102   1.0433   1.0778   1.0970   1.1151   1.1627   1.1932   1.2033
  1.2382   1.2439   1.2590   1.2810   1.3103   1.3258   1.3384   1.3675
  1.3695   1.3893   1.4275   1.4421   1.4444   1.4491   1.4714   1.5207
  1.5281   1.5534   1.5611   1.5862   1.6319   1.6397   1.6621   1.6807
  1.7000   2.3178   2.3332   2.4274   2.5182   2.5729   2.5730   2.6594
  2.6759   2.7181   2.7688   2.8085   2.8245   2.9183   2.9298   2.9306
  2.9545   2.9635   3.0104   3.0313   3.0835   3.0914   3.1098   3.1165
  3.1286   3.1415   3.1635   3.1658   3.1873   3.2600   3.2714   3.2853
  3.3166   3.3258   3.3402   3.3438   3.3556   3.3811   3.3914   3.4045
  3.4681   3.4708   3.5298   3.5320   3.5744   3.6070   3.6213   3.6298
  3.6376   3.6765   3.6866   3.7066   3.7453   3.7787   3.7997   3.8299
  3.8609   3.9167   3.9454   3.9583   3.9913   4.0051   4.0057   4.0379
  4.0778   4.1210   4.1240   4.1612   4.1634   4.1934   4.2042   4.2309
  4.2358   4.2795   4.3056   4.3280   4.3501   4.3876   4.4219   4.4496
  4.4496   4.5014   4.5447   4.6339   4.6967   4.7488   4.8354   4.9347
  4.9467   4.9507   4.9573   4.9872   5.0255   5.0453   5.0752   5.1368
  5.1733   5.1973   5.2289   5.2396   5.2581   5.2932   5.3243   5.3515
  5.3896   5.3925   5.4375   5.4547   5.5040   5.5716   5.6208   5.7236
  5.9853   6.3353   6.3576   6.4193   6.4284   6.5031  25.1039  25.3923
 25.4757
 --------------------------------------------------------------
 
 -----------------------------------------------------------------
                    Cartesian Multipole Moments
 -----------------------------------------------------------------
    Charge (ESU x 10^10)
                 0.0000
    Dipole Moment (Debye)
         X       0.0000      Y       0.0000      Z      -0.0625
       Tot       0.0625
    Quadrupole Moments (Debye-Ang)
        XX     -22.3297     XY      -0.2119     YY     -21.2588
        XZ      -0.0000     YZ      -0.0000     ZZ     -21.8552
    Octopole Moments (Debye-Ang^2)
       XXX       0.0001    XXY      -0.0001    XYY      -0.0000
       YYY       0.0001    XXZ      -0.6977    XYZ      -0.6117
       YYZ      -1.3647    XZZ      -0.0000    YZZ       0.0000
       ZZZ       0.5817
    Hexadecapole Moments (Debye-Ang^3)
      XXXX    -164.9373   XXXY     -36.9701   XXYY     -39.7073
      XYYY     -32.6944   YYYY     -83.6996   XXXZ       0.0006
      XXYZ       0.0001   XYYZ       0.0001   YYYZ      -0.0001
      XXZZ     -40.6496   XYZZ     -11.6500   YYZZ     -24.5678
      XZZZ       0.0006   YZZZ      -0.0002   ZZZZ     -70.2668
 -----------------------------------------------------------------
Archival summary:
1\1\centos77-c1\SP\ProcedureUnspecified\BasisUnspecified\38\shihchen\ThuJul203:26:142020ThuJul203:26:142020\0\\#,ProcedureUnspecified,BasisUnspecified,\\0,1\C\H,1,1.09259\H,1,1.09259,2,106.453\C,1,1.52405,2,115.194,3,-114.518,0\H,4,1.08796,1,108.913,2,-24.82,0\H,4,1.09047,1,111.61,2,-143.33,0\H,4,1.09577,1,112.898,2,94.5611,0\C,1,1.52405,2,103.86,3,122.008,0\H,8,1.08796,1,108.913,2,-140.82,0\H,8,1.09047,1,111.61,2,100.67,0\H,8,1.09577,1,112.898,2,-21.4387,0\\\@

 Total job time:  25.42s(wall), 70.19s(cpu) 
 Thu Jul  2 03:26:14 2020

        *************************************************************
        *                                                           *
        *  Thank you very much for using Q-Chem.  Have a nice day.  *
        *                                                           *
        *************************************************************


